<?xml version="1.0" encoding="UTF-8"?>
<!-- Generated by org.testng.reporters.JUnitReportReporter -->
<testsuite hostname="MacBook-Air-cua-ADMIN-2.local" failures="0" tests="1" name="Automation.testsuite.uploadAdvantarTest" time="21.472" errors="0" timestamp="2024-03-31T14:36:24 PST" skipped="0">
  <testcase classname="Automation.testsuite.uploadAdvantarTest" name="uploadAdvantarTest" time="21.472"/>
  <system-out/>
</testsuite> <!-- Automation.testsuite.uploadAdvantarTest -->
