<?xml version="1.0" encoding="UTF-8"?>
<!-- Generated by org.testng.reporters.JUnitReportReporter -->
<testsuite hostname="MacBook-Air-cua-ADMIN-2.local" failures="0" tests="1" name="Automation.testsuite.homework_TaskPage2" time="24.890" errors="0" timestamp="2024-04-20T09:28:29 PST" skipped="0">
  <testcase classname="Automation.testsuite.homework_TaskPage2" name="filterByMultiStatus" time="24.890"/>
  <system-out/>
</testsuite> <!-- Automation.testsuite.homework_TaskPage2 -->
