<?xml version="1.0" encoding="UTF-8"?>
<!-- Generated by org.testng.reporters.JUnitReportReporter -->
<testsuite hostname="MacBook-Air-cua-ADMIN-2.local" failures="0" tests="1" name="Automation.testsuite.homework_ClientPage" time="27.816" errors="0" timestamp="2024-04-13T16:39:29 PST" skipped="0">
  <testcase classname="Automation.testsuite.homework_ClientPage" name="filterTaskByAssignedTo" time="27.816"/>
  <system-out/>
</testsuite> <!-- Automation.testsuite.homework_ClientPage -->
