<?xml version="1.0" encoding="UTF-8"?>
<!-- Generated by org.testng.reporters.JUnitReportReporter -->
<testsuite hostname="MacBook-Air-cua-ADMIN-2.local" failures="0" tests="1" name="Automation.testsuite.Task_Page" time="52.119" errors="0" timestamp="2024-04-13T04:51:19 PST" skipped="0">
  <testcase classname="Automation.testsuite.Task_Page" name="AddClientSuccessfully" time="52.119"/>
  <system-out/>
</testsuite> <!-- Automation.testsuite.Task_Page -->
