<?xml version="1.0" encoding="UTF-8"?>
<!-- Generated by org.testng.reporters.JUnitReportReporter -->
<testsuite hostname="MacBook-Air-cua-ADMIN-2.local" failures="0" tests="1" name="Automation.testsuite.EventPage" time="19.347" errors="0" timestamp="2024-03-31T15:46:17 PST" skipped="0">
  <testcase classname="Automation.testsuite.EventPage" name="addNewEvent" time="19.347"/>
  <system-out/>
</testsuite> <!-- Automation.testsuite.EventPage -->
